<?xml version="1.0" encoding="UTF-8"?>
<!-- Generated by org.testng.reporters.JUnitXMLReporter -->
<testsuite hostname="DESKTOP-UARE31A" ignored="0" name="Basic" tests="6" failures="1" timestamp="12 Dec 2019 08:02:41 GMT" time="0.115" errors="0">
  <testcase name="Fail" time="0.016" classname="testNG.TestNG_Basics">
    <skipped/>
  </testcase> <!-- Fail -->
  <testcase name="Fail" time="0.004" classname="testNG.TestNG_Basics">
    <skipped/>
  </testcase> <!-- Fail -->
  <testcase name="Fail" time="0.001" classname="testNG.TestNG_Basics">
    <skipped/>
  </testcase> <!-- Fail -->
  <testcase name="Fail" time="0.001" classname="testNG.TestNG_Basics">
    <failure type="java.lang.AssertionError" message="Expected not achieved expected [true] but found [false]">
      <![CDATA[java.lang.AssertionError: Expected not achieved expected [true] but found [false]
at org.testng.Assert.fail(Assert.java:96)
at org.testng.Assert.failNotEquals(Assert.java:776)
at org.testng.Assert.assertEqualsImpl(Assert.java:137)
at org.testng.Assert.assertEquals(Assert.java:118)
at org.testng.Assert.assertEquals(Assert.java:568)
at testNG.TestNG_Basics.Fail(TestNG_Basics.java:78)
at sun.reflect.NativeMethodAccessorImpl.invoke0(Native Method)
at sun.reflect.NativeMethodAccessorImpl.invoke(Unknown Source)
at sun.reflect.DelegatingMethodAccessorImpl.invoke(Unknown Source)
at java.lang.reflect.Method.invoke(Unknown Source)
at org.testng.internal.MethodInvocationHelper.invokeMethod(MethodInvocationHelper.java:124)
at org.testng.internal.Invoker.invokeMethod(Invoker.java:583)
at org.testng.internal.Invoker.retryFailed(Invoker.java:839)
at org.testng.internal.Invoker.invokeTestMethods(Invoker.java:1010)
at org.testng.internal.TestMethodWorker.invokeTestMethods(TestMethodWorker.java:125)
at org.testng.internal.TestMethodWorker.run(TestMethodWorker.java:109)
at java.util.concurrent.ThreadPoolExecutor.runWorker(Unknown Source)
at java.util.concurrent.ThreadPoolExecutor$Worker.run(Unknown Source)
at java.lang.Thread.run(Unknown Source)
]]>
    </failure>
  </testcase> <!-- Fail -->
  <testcase name="skiptest" time="0.002" classname="testNG.TestNG_Basics">
    <skipped/>
  </testcase> <!-- skiptest -->
  <testcase name="print" time="0.003" classname="testNG.TestNG_Basics"/>
</testsuite> <!-- Basic -->
