<?xml version="1.0" encoding="UTF-8"?>
<!-- Generated by org.testng.reporters.JUnitXMLReporter -->
<testsuite hostname="DESKTOP-UARE31A" ignored="1" name="Default test(failed)(failed)" tests="2" failures="0" timestamp="29 Nov 2019 06:24:34 GMT" time="37.471" errors="0">
  <testcase name="skiptest" time="0.007" classname="testNG.TestNG_Basics">
    <skipped/>
  </testcase> <!-- skiptest -->
  <testcase name="ebayUserPassword" time="10.201" classname="testNG.TestNG_Basics"/>
  <testcase name="print" time="0.0" classname="testNG.TestNG_Basics">
    <ignored/>
  </testcase> <!-- print -->
</testsuite> <!-- Default test(failed)(failed) -->
