<?xml version="1.0" encoding="UTF-8"?>
<testng-results skipped="0" failed="0" ignored="0" total="1" passed="1">
  <reporter-output>
  </reporter-output>
  <suite name="Default suite" duration-ms="19541" started-at="2019-12-17T06:39:40Z" finished-at="2019-12-17T06:40:00Z">
    <groups>
    </groups>
    <test name="Default test" duration-ms="19541" started-at="2019-12-17T06:39:40Z" finished-at="2019-12-17T06:40:00Z">
      <class name="seleniumprograms.AllButtons">
        <test-method status="PASS" signature="init()[pri:0, instance:seleniumprograms.AllButtons@224edc67]" name="init" is-config="true" duration-ms="15658" started-at="2019-12-17T06:39:40Z" finished-at="2019-12-17T06:39:56Z">
          <reporter-output>
          </reporter-output>
        </test-method> <!-- init -->
        <test-method status="PASS" signature="test1()[pri:0, instance:seleniumprograms.AllButtons@224edc67]" name="test1" duration-ms="3845" started-at="2019-12-17T06:39:56Z" finished-at="2019-12-17T06:40:00Z">
          <reporter-output>
          </reporter-output>
        </test-method> <!-- test1 -->
      </class> <!-- seleniumprograms.AllButtons -->
    </test> <!-- Default test -->
  </suite> <!-- Default suite -->
</testng-results>
